2026-02-05T15:59:14.948+08:00  INFO 21452 --- [logging-demo] [restartedMain] c.a.logging_demo.LoggingDemoApplication  : Starting LoggingDemoApplication using Java 25.0.2 with PID 21452 (/Users/felimonrenrile/Library/CloudStorage/OneDrive-comelec.gov.ph/logging-demo/target/classes started by felimonrenrile in /Users/felimonrenrile/Library/CloudStorage/OneDrive-comelec.gov.ph/logging-demo)
2026-02-05T15:59:14.950+08:00  INFO 21452 --- [logging-demo] [restartedMain] c.a.logging_demo.LoggingDemoApplication  : No active profile set, falling back to 1 default profile: "default"
2026-02-05T15:59:14.968+08:00  INFO 21452 --- [logging-demo] [restartedMain] .e.DevToolsPropertyDefaultsPostProcessor : Devtools property defaults active! Set 'spring.devtools.add-properties' to 'false' to disable
2026-02-05T15:59:14.968+08:00  INFO 21452 --- [logging-demo] [restartedMain] .e.DevToolsPropertyDefaultsPostProcessor : For additional web related logging consider setting the 'logging.level.web' property to 'DEBUG'
2026-02-05T15:59:15.213+08:00  INFO 21452 --- [logging-demo] [restartedMain] o.s.boot.tomcat.TomcatWebServer          : Tomcat initialized with port 8080 (http)
2026-02-05T15:59:15.218+08:00  INFO 21452 --- [logging-demo] [restartedMain] o.apache.catalina.core.StandardService   : Starting service [Tomcat]
2026-02-05T15:59:15.218+08:00  INFO 21452 --- [logging-demo] [restartedMain] o.apache.catalina.core.StandardEngine    : Starting Servlet engine: [Apache Tomcat/11.0.15]
2026-02-05T15:59:15.229+08:00  INFO 21452 --- [logging-demo] [restartedMain] b.w.c.s.WebApplicationContextInitializer : Root WebApplicationContext: initialization completed in 260 ms
2026-02-05T15:59:15.334+08:00  WARN 21452 --- [logging-demo] [restartedMain] ConfigServletWebServerApplicationContext : Exception encountered during context initialization - cancelling refresh attempt: org.springframework.context.ApplicationContextException: Failed to start bean 'webServerStartStop'
2026-02-05T15:59:15.337+08:00  INFO 21452 --- [logging-demo] [restartedMain] .s.b.a.l.ConditionEvaluationReportLogger : 

Error starting ApplicationContext. To display the condition evaluation report re-run your application with 'debug' enabled.
2026-02-05T15:59:15.342+08:00 ERROR 21452 --- [logging-demo] [restartedMain] o.s.b.d.LoggingFailureAnalysisReporter   : 

***************************
APPLICATION FAILED TO START
***************************

Description:

Web server failed to start. Port 8080 was already in use.

Action:

Identify and stop the process that's listening on port 8080 or configure this application to listen on another port.

2026-02-05T15:59:30.227+08:00  INFO 21857 --- [logging-demo] [restartedMain] c.a.logging_demo.LoggingDemoApplication  : Starting LoggingDemoApplication using Java 25.0.2 with PID 21857 (/Users/felimonrenrile/Library/CloudStorage/OneDrive-comelec.gov.ph/logging-demo/target/classes started by felimonrenrile in /Users/felimonrenrile/Library/CloudStorage/OneDrive-comelec.gov.ph/logging-demo)
2026-02-05T15:59:30.228+08:00  INFO 21857 --- [logging-demo] [restartedMain] c.a.logging_demo.LoggingDemoApplication  : No active profile set, falling back to 1 default profile: "default"
2026-02-05T15:59:30.248+08:00  INFO 21857 --- [logging-demo] [restartedMain] .e.DevToolsPropertyDefaultsPostProcessor : Devtools property defaults active! Set 'spring.devtools.add-properties' to 'false' to disable
2026-02-05T15:59:30.248+08:00  INFO 21857 --- [logging-demo] [restartedMain] .e.DevToolsPropertyDefaultsPostProcessor : For additional web related logging consider setting the 'logging.level.web' property to 'DEBUG'
2026-02-05T15:59:30.499+08:00  INFO 21857 --- [logging-demo] [restartedMain] o.s.boot.tomcat.TomcatWebServer          : Tomcat initialized with port 8080 (http)
2026-02-05T15:59:30.504+08:00  INFO 21857 --- [logging-demo] [restartedMain] o.apache.catalina.core.StandardService   : Starting service [Tomcat]
2026-02-05T15:59:30.504+08:00  INFO 21857 --- [logging-demo] [restartedMain] o.apache.catalina.core.StandardEngine    : Starting Servlet engine: [Apache Tomcat/11.0.15]
2026-02-05T15:59:30.513+08:00  INFO 21857 --- [logging-demo] [restartedMain] b.w.c.s.WebApplicationContextInitializer : Root WebApplicationContext: initialization completed in 265 ms
2026-02-05T15:59:30.616+08:00  INFO 21857 --- [logging-demo] [restartedMain] o.s.boot.tomcat.TomcatWebServer          : Tomcat started on port 8080 (http) with context path '/'
2026-02-05T15:59:30.619+08:00  INFO 21857 --- [logging-demo] [restartedMain] c.a.logging_demo.LoggingDemoApplication  : Started LoggingDemoApplication in 0.527 seconds (process running for 0.662)
2026-02-05T15:59:49.266+08:00  INFO 21857 --- [logging-demo] [http-nio-8080-exec-1] o.a.c.c.C.[Tomcat].[localhost].[/]       : Initializing Spring DispatcherServlet 'dispatcherServlet'
2026-02-05T15:59:49.267+08:00  INFO 21857 --- [logging-demo] [http-nio-8080-exec-1] o.s.web.servlet.DispatcherServlet        : Initializing Servlet 'dispatcherServlet'
2026-02-05T15:59:49.268+08:00  INFO 21857 --- [logging-demo] [http-nio-8080-exec-1] o.s.web.servlet.DispatcherServlet        : Completed initialization in 1 ms
2026-02-05T16:10:50.594+08:00  INFO 21857 --- [logging-demo] [File Watcher] rtingClassPathChangeChangedEventListener : Restarting due to 1 class path change (1 addition, 0 deletions, 0 modifications)
2026-02-05T16:10:50.602+08:00  INFO 21857 --- [logging-demo] [Thread-1] o.s.boot.tomcat.GracefulShutdown         : Commencing graceful shutdown. Waiting for active requests to complete
2026-02-05T16:10:50.614+08:00  INFO 21857 --- [logging-demo] [tomcat-shutdown] o.s.boot.tomcat.GracefulShutdown         : Graceful shutdown complete
2026-02-05T16:10:50.663+08:00  INFO 21857 --- [logging-demo] [restartedMain] c.a.logging_demo.LoggingDemoApplication  : Starting LoggingDemoApplication using Java 25.0.2 with PID 21857 (/Users/felimonrenrile/Library/CloudStorage/OneDrive-comelec.gov.ph/logging-demo/target/classes started by felimonrenrile in /Users/felimonrenrile/Library/CloudStorage/OneDrive-comelec.gov.ph/logging-demo)
2026-02-05T16:10:50.664+08:00  INFO 21857 --- [logging-demo] [restartedMain] c.a.logging_demo.LoggingDemoApplication  : No active profile set, falling back to 1 default profile: "default"
2026-02-05T16:10:50.719+08:00  INFO 21857 --- [logging-demo] [restartedMain] o.s.boot.tomcat.TomcatWebServer          : Tomcat initialized with port 8080 (http)
2026-02-05T16:10:50.719+08:00  INFO 21857 --- [logging-demo] [restartedMain] o.apache.catalina.core.StandardService   : Starting service [Tomcat]
2026-02-05T16:10:50.719+08:00  INFO 21857 --- [logging-demo] [restartedMain] o.apache.catalina.core.StandardEngine    : Starting Servlet engine: [Apache Tomcat/11.0.15]
2026-02-05T16:10:50.722+08:00  INFO 21857 --- [logging-demo] [restartedMain] b.w.c.s.WebApplicationContextInitializer : Root WebApplicationContext: initialization completed in 57 ms
2026-02-05T16:10:50.752+08:00  INFO 21857 --- [logging-demo] [restartedMain] o.s.boot.tomcat.TomcatWebServer          : Tomcat started on port 8080 (http) with context path '/'
2026-02-05T16:10:50.754+08:00  INFO 21857 --- [logging-demo] [restartedMain] c.a.logging_demo.LoggingDemoApplication  : Started LoggingDemoApplication in 0.102 seconds (process running for 680.801)
2026-02-05T16:10:50.755+08:00  INFO 21857 --- [logging-demo] [restartedMain] .ConditionEvaluationDeltaLoggingListener : Condition evaluation unchanged
2026-02-05T16:11:06.007+08:00  INFO 23934 --- [logging-demo] [restartedMain] c.a.logging_demo.LoggingDemoApplication  : Starting LoggingDemoApplication using Java 25.0.2 with PID 23934 (/Users/felimonrenrile/Library/CloudStorage/OneDrive-comelec.gov.ph/logging-demo/target/classes started by felimonrenrile in /Users/felimonrenrile/Library/CloudStorage/OneDrive-comelec.gov.ph/logging-demo)
2026-02-05T16:11:06.008+08:00  INFO 23934 --- [logging-demo] [restartedMain] c.a.logging_demo.LoggingDemoApplication  : No active profile set, falling back to 1 default profile: "default"
2026-02-05T16:11:06.028+08:00  INFO 23934 --- [logging-demo] [restartedMain] .e.DevToolsPropertyDefaultsPostProcessor : Devtools property defaults active! Set 'spring.devtools.add-properties' to 'false' to disable
2026-02-05T16:11:06.028+08:00  INFO 23934 --- [logging-demo] [restartedMain] .e.DevToolsPropertyDefaultsPostProcessor : For additional web related logging consider setting the 'logging.level.web' property to 'DEBUG'
2026-02-05T16:11:06.310+08:00  INFO 23934 --- [logging-demo] [restartedMain] o.s.boot.tomcat.TomcatWebServer          : Tomcat initialized with port 8080 (http)
2026-02-05T16:11:06.315+08:00  INFO 23934 --- [logging-demo] [restartedMain] o.apache.catalina.core.StandardService   : Starting service [Tomcat]
2026-02-05T16:11:06.316+08:00  INFO 23934 --- [logging-demo] [restartedMain] o.apache.catalina.core.StandardEngine    : Starting Servlet engine: [Apache Tomcat/11.0.15]
2026-02-05T16:11:06.327+08:00  INFO 23934 --- [logging-demo] [restartedMain] b.w.c.s.WebApplicationContextInitializer : Root WebApplicationContext: initialization completed in 299 ms
2026-02-05T16:11:06.446+08:00  WARN 23934 --- [logging-demo] [restartedMain] ConfigServletWebServerApplicationContext : Exception encountered during context initialization - cancelling refresh attempt: org.springframework.context.ApplicationContextException: Failed to start bean 'webServerStartStop'
2026-02-05T16:11:06.450+08:00  INFO 23934 --- [logging-demo] [restartedMain] .s.b.a.l.ConditionEvaluationReportLogger : 

Error starting ApplicationContext. To display the condition evaluation report re-run your application with 'debug' enabled.
2026-02-05T16:11:06.454+08:00 ERROR 23934 --- [logging-demo] [restartedMain] o.s.b.d.LoggingFailureAnalysisReporter   : 

***************************
APPLICATION FAILED TO START
***************************

Description:

Web server failed to start. Port 8080 was already in use.

Action:

Identify and stop the process that's listening on port 8080 or configure this application to listen on another port.

2026-02-05T16:11:10.835+08:00  INFO 21857 --- [logging-demo] [SpringApplicationShutdownHook] o.s.boot.tomcat.GracefulShutdown         : Commencing graceful shutdown. Waiting for active requests to complete
2026-02-05T16:11:10.838+08:00  INFO 21857 --- [logging-demo] [tomcat-shutdown] o.s.boot.tomcat.GracefulShutdown         : Graceful shutdown complete
2026-02-05T16:11:18.218+08:00  INFO 24343 --- [logging-demo] [restartedMain] c.a.logging_demo.LoggingDemoApplication  : Starting LoggingDemoApplication using Java 25.0.2 with PID 24343 (/Users/felimonrenrile/Library/CloudStorage/OneDrive-comelec.gov.ph/logging-demo/target/classes started by felimonrenrile in /Users/felimonrenrile/Library/CloudStorage/OneDrive-comelec.gov.ph/logging-demo)
2026-02-05T16:11:18.219+08:00  INFO 24343 --- [logging-demo] [restartedMain] c.a.logging_demo.LoggingDemoApplication  : No active profile set, falling back to 1 default profile: "default"
2026-02-05T16:11:18.238+08:00  INFO 24343 --- [logging-demo] [restartedMain] .e.DevToolsPropertyDefaultsPostProcessor : Devtools property defaults active! Set 'spring.devtools.add-properties' to 'false' to disable
2026-02-05T16:11:18.238+08:00  INFO 24343 --- [logging-demo] [restartedMain] .e.DevToolsPropertyDefaultsPostProcessor : For additional web related logging consider setting the 'logging.level.web' property to 'DEBUG'
2026-02-05T16:11:18.483+08:00  INFO 24343 --- [logging-demo] [restartedMain] o.s.boot.tomcat.TomcatWebServer          : Tomcat initialized with port 8080 (http)
2026-02-05T16:11:18.488+08:00  INFO 24343 --- [logging-demo] [restartedMain] o.apache.catalina.core.StandardService   : Starting service [Tomcat]
2026-02-05T16:11:18.488+08:00  INFO 24343 --- [logging-demo] [restartedMain] o.apache.catalina.core.StandardEngine    : Starting Servlet engine: [Apache Tomcat/11.0.15]
2026-02-05T16:11:18.498+08:00  INFO 24343 --- [logging-demo] [restartedMain] b.w.c.s.WebApplicationContextInitializer : Root WebApplicationContext: initialization completed in 260 ms
2026-02-05T16:11:18.610+08:00  INFO 24343 --- [logging-demo] [restartedMain] o.s.boot.tomcat.TomcatWebServer          : Tomcat started on port 8080 (http) with context path '/'
2026-02-05T16:11:18.612+08:00  INFO 24343 --- [logging-demo] [restartedMain] c.a.logging_demo.LoggingDemoApplication  : Started LoggingDemoApplication in 0.531 seconds (process running for 0.664)
2026-02-05T16:11:39.919+08:00  INFO 24343 --- [logging-demo] [http-nio-8080-exec-1] o.a.c.c.C.[Tomcat].[localhost].[/]       : Initializing Spring DispatcherServlet 'dispatcherServlet'
2026-02-05T16:11:39.919+08:00  INFO 24343 --- [logging-demo] [http-nio-8080-exec-1] o.s.web.servlet.DispatcherServlet        : Initializing Servlet 'dispatcherServlet'
2026-02-05T16:11:39.921+08:00  INFO 24343 --- [logging-demo] [http-nio-8080-exec-1] o.s.web.servlet.DispatcherServlet        : Completed initialization in 1 ms
2026-02-05T16:11:39.945+08:00  INFO 24343 --- [logging-demo] [http-nio-8080-exec-1] c.a.logging_demo.TransactionController   : Received API Request at /pay
2026-02-05T16:11:39.945+08:00  WARN 24343 --- [logging-demo] [http-nio-8080-exec-1] c.a.logging_demo.TransactionService      : High value transaction detected! Amount: $50000.0. Flagging for audit.
2026-02-05T16:11:39.946+08:00  INFO 24343 --- [logging-demo] [http-nio-8080-exec-1] c.a.logging_demo.TransactionService      : Transaction processed successfully for user: Bob
2026-02-05T16:11:46.080+08:00  INFO 24343 --- [logging-demo] [http-nio-8080-exec-2] c.a.logging_demo.TransactionController   : Received API Request at /pay
2026-02-05T16:11:46.080+08:00 ERROR 24343 --- [logging-demo] [http-nio-8080-exec-2] c.a.logging_demo.TransactionService      : Transaction FAILED for user: Charlie

java.lang.IllegalArgumentException: Cannot process negative amount
	at com.audittrail.logging_demo.TransactionService.processTransaction(TransactionService.java:23) ~[classes/:na]
	at com.audittrail.logging_demo.TransactionController.pay(TransactionController.java:23) ~[classes/:na]
	at java.base/jdk.internal.reflect.DirectMethodHandleAccessor.invoke(DirectMethodHandleAccessor.java:104) ~[na:na]
	at java.base/java.lang.reflect.Method.invoke(Method.java:565) ~[na:na]
	at org.springframework.web.method.support.InvocableHandlerMethod.doInvoke(InvocableHandlerMethod.java:258) ~[spring-web-7.0.3.jar:7.0.3]
	at org.springframework.web.method.support.InvocableHandlerMethod.invokeForRequest(InvocableHandlerMethod.java:190) ~[spring-web-7.0.3.jar:7.0.3]
	at org.springframework.web.servlet.mvc.method.annotation.ServletInvocableHandlerMethod.invokeAndHandle(ServletInvocableHandlerMethod.java:117) ~[spring-webmvc-7.0.3.jar:7.0.3]
	at org.springframework.web.servlet.mvc.method.annotation.RequestMappingHandlerAdapter.invokeHandlerMethod(RequestMappingHandlerAdapter.java:934) ~[spring-webmvc-7.0.3.jar:7.0.3]
	at org.springframework.web.servlet.mvc.method.annotation.RequestMappingHandlerAdapter.handleInternal(RequestMappingHandlerAdapter.java:853) ~[spring-webmvc-7.0.3.jar:7.0.3]
	at org.springframework.web.servlet.mvc.method.AbstractHandlerMethodAdapter.handle(AbstractHandlerMethodAdapter.java:86) ~[spring-webmvc-7.0.3.jar:7.0.3]
	at org.springframework.web.servlet.DispatcherServlet.doDispatch(DispatcherServlet.java:963) ~[spring-webmvc-7.0.3.jar:7.0.3]
	at org.springframework.web.servlet.DispatcherServlet.doService(DispatcherServlet.java:866) ~[spring-webmvc-7.0.3.jar:7.0.3]
	at org.springframework.web.servlet.FrameworkServlet.processRequest(FrameworkServlet.java:1003) ~[spring-webmvc-7.0.3.jar:7.0.3]
	at org.springframework.web.servlet.FrameworkServlet.doGet(FrameworkServlet.java:892) ~[spring-webmvc-7.0.3.jar:7.0.3]
	at jakarta.servlet.http.HttpServlet.service(HttpServlet.java:633) ~[jakarta.servlet-api-6.1.0.jar:6.1.0]
	at org.springframework.web.servlet.FrameworkServlet.service(FrameworkServlet.java:874) ~[spring-webmvc-7.0.3.jar:7.0.3]
	at jakarta.servlet.http.HttpServlet.service(HttpServlet.java:723) ~[jakarta.servlet-api-6.1.0.jar:6.1.0]
	at org.apache.catalina.core.ApplicationFilterChain.doFilter(ApplicationFilterChain.java:128) ~[tomcat-embed-core-11.0.15.jar:11.0.15]
	at org.apache.tomcat.websocket.server.WsFilter.doFilter(WsFilter.java:53) ~[tomcat-embed-websocket-11.0.15.jar:11.0.15]
	at org.apache.catalina.core.ApplicationFilterChain.doFilter(ApplicationFilterChain.java:107) ~[tomcat-embed-core-11.0.15.jar:11.0.15]
	at org.springframework.web.filter.RequestContextFilter.doFilterInternal(RequestContextFilter.java:100) ~[spring-web-7.0.3.jar:7.0.3]
	at org.springframework.web.filter.OncePerRequestFilter.doFilter(OncePerRequestFilter.java:116) ~[spring-web-7.0.3.jar:7.0.3]
	at org.apache.catalina.core.ApplicationFilterChain.doFilter(ApplicationFilterChain.java:107) ~[tomcat-embed-core-11.0.15.jar:11.0.15]
	at org.springframework.web.filter.FormContentFilter.doFilterInternal(FormContentFilter.java:93) ~[spring-web-7.0.3.jar:7.0.3]
	at org.springframework.web.filter.OncePerRequestFilter.doFilter(OncePerRequestFilter.java:116) ~[spring-web-7.0.3.jar:7.0.3]
	at org.apache.catalina.core.ApplicationFilterChain.doFilter(ApplicationFilterChain.java:107) ~[tomcat-embed-core-11.0.15.jar:11.0.15]
	at org.springframework.web.filter.CharacterEncodingFilter.doFilterInternal(CharacterEncodingFilter.java:199) ~[spring-web-7.0.3.jar:7.0.3]
	at org.springframework.web.filter.OncePerRequestFilter.doFilter(OncePerRequestFilter.java:116) ~[spring-web-7.0.3.jar:7.0.3]
	at org.apache.catalina.core.ApplicationFilterChain.doFilter(ApplicationFilterChain.java:107) ~[tomcat-embed-core-11.0.15.jar:11.0.15]
	at org.apache.catalina.core.StandardWrapperValve.invoke(StandardWrapperValve.java:165) ~[tomcat-embed-core-11.0.15.jar:11.0.15]
	at org.apache.catalina.core.StandardContextValve.invoke(StandardContextValve.java:77) ~[tomcat-embed-core-11.0.15.jar:11.0.15]
	at org.apache.catalina.authenticator.AuthenticatorBase.invoke(AuthenticatorBase.java:482) ~[tomcat-embed-core-11.0.15.jar:11.0.15]
	at org.apache.catalina.core.StandardHostValve.invoke(StandardHostValve.java:113) ~[tomcat-embed-core-11.0.15.jar:11.0.15]
	at org.apache.catalina.valves.ErrorReportValve.invoke(ErrorReportValve.java:83) ~[tomcat-embed-core-11.0.15.jar:11.0.15]
	at org.apache.catalina.core.StandardEngineValve.invoke(StandardEngineValve.java:72) ~[tomcat-embed-core-11.0.15.jar:11.0.15]
	at org.apache.catalina.connector.CoyoteAdapter.service(CoyoteAdapter.java:341) ~[tomcat-embed-core-11.0.15.jar:11.0.15]
	at org.apache.coyote.http11.Http11Processor.service(Http11Processor.java:397) ~[tomcat-embed-core-11.0.15.jar:11.0.15]
	at org.apache.coyote.AbstractProcessorLight.process(AbstractProcessorLight.java:63) ~[tomcat-embed-core-11.0.15.jar:11.0.15]
	at org.apache.coyote.AbstractProtocol$ConnectionHandler.process(AbstractProtocol.java:903) ~[tomcat-embed-core-11.0.15.jar:11.0.15]
	at org.apache.tomcat.util.net.NioEndpoint$SocketProcessor.doRun(NioEndpoint.java:1778) ~[tomcat-embed-core-11.0.15.jar:11.0.15]
	at org.apache.tomcat.util.net.SocketProcessorBase.run(SocketProcessorBase.java:52) ~[tomcat-embed-core-11.0.15.jar:11.0.15]
	at org.apache.tomcat.util.threads.ThreadPoolExecutor.runWorker(ThreadPoolExecutor.java:946) ~[tomcat-embed-core-11.0.15.jar:11.0.15]
	at org.apache.tomcat.util.threads.ThreadPoolExecutor$Worker.run(ThreadPoolExecutor.java:480) ~[tomcat-embed-core-11.0.15.jar:11.0.15]
	at org.apache.tomcat.util.threads.TaskThread$WrappingRunnable.run(TaskThread.java:57) ~[tomcat-embed-core-11.0.15.jar:11.0.15]
	at java.base/java.lang.Thread.run(Thread.java:1474) ~[na:na]

2026-02-05T16:11:55.740+08:00  INFO 24343 --- [logging-demo] [http-nio-8080-exec-3] c.a.logging_demo.TransactionController   : Received API Request at /pay
2026-02-05T16:11:55.741+08:00  INFO 24343 --- [logging-demo] [http-nio-8080-exec-3] c.a.logging_demo.TransactionService      : Transaction processed successfully for user: Alice
